mode: atomic
github.com/CodeLieutenant/mailpit-go-api/chaos.go:12.78,16.16 3 2
github.com/CodeLieutenant/mailpit-go-api/chaos.go:16.16,18.3 1 1
github.com/CodeLieutenant/mailpit-go-api/chaos.go:20.2,21.53 2 1
github.com/CodeLieutenant/mailpit-go-api/chaos.go:21.53,23.3 1 0
github.com/CodeLieutenant/mailpit-go-api/chaos.go:25.2,25.20 1 1
github.com/CodeLieutenant/mailpit-go-api/chaos.go:33.101,37.62 3 2
github.com/CodeLieutenant/mailpit-go-api/chaos.go:37.62,43.3 1 0
github.com/CodeLieutenant/mailpit-go-api/chaos.go:45.2,46.16 2 2
github.com/CodeLieutenant/mailpit-go-api/chaos.go:46.16,48.3 1 1
github.com/CodeLieutenant/mailpit-go-api/chaos.go:50.2,51.53 2 1
github.com/CodeLieutenant/mailpit-go-api/chaos.go:51.53,53.3 1 0
github.com/CodeLieutenant/mailpit-go-api/chaos.go:55.2,55.20 1 1
github.com/CodeLieutenant/mailpit-go-api/client.go:85.30,97.2 1 4
github.com/CodeLieutenant/mailpit-go-api/client.go:108.48,109.19 1 122
github.com/CodeLieutenant/mailpit-go-api/client.go:109.19,111.3 1 2
github.com/CodeLieutenant/mailpit-go-api/client.go:114.2,114.26 1 122
github.com/CodeLieutenant/mailpit-go-api/client.go:114.26,119.3 1 1
github.com/CodeLieutenant/mailpit-go-api/client.go:121.2,122.16 2 121
github.com/CodeLieutenant/mailpit-go-api/client.go:122.16,128.3 1 1
github.com/CodeLieutenant/mailpit-go-api/client.go:130.2,130.26 1 120
github.com/CodeLieutenant/mailpit-go-api/client.go:130.26,132.3 1 1
github.com/CodeLieutenant/mailpit-go-api/client.go:134.2,134.30 1 120
github.com/CodeLieutenant/mailpit-go-api/client.go:134.30,138.3 1 4
github.com/CodeLieutenant/mailpit-go-api/client.go:140.2,140.28 1 120
github.com/CodeLieutenant/mailpit-go-api/client.go:140.28,142.3 1 117
github.com/CodeLieutenant/mailpit-go-api/client.go:144.2,151.8 2 120
github.com/CodeLieutenant/mailpit-go-api/client.go:155.32,157.74 1 120
github.com/CodeLieutenant/mailpit-go-api/client.go:157.74,159.3 1 0
github.com/CodeLieutenant/mailpit-go-api/client.go:161.2,161.12 1 120
github.com/CodeLieutenant/mailpit-go-api/client.go:167.116,171.62 3 144
github.com/CodeLieutenant/mailpit-go-api/client.go:171.62,172.18 1 144
github.com/CodeLieutenant/mailpit-go-api/client.go:172.18,173.11 1 0
github.com/CodeLieutenant/mailpit-go-api/client.go:174.22,175.26 1 0
github.com/CodeLieutenant/mailpit-go-api/client.go:176.43,176.43 0 0
github.com/CodeLieutenant/mailpit-go-api/client.go:180.3,181.17 2 144
github.com/CodeLieutenant/mailpit-go-api/client.go:181.17,187.4 1 0
github.com/CodeLieutenant/mailpit-go-api/client.go:190.3,195.28 4 144
github.com/CodeLieutenant/mailpit-go-api/client.go:195.28,197.4 1 1
github.com/CodeLieutenant/mailpit-go-api/client.go:197.9,197.64 1 143
github.com/CodeLieutenant/mailpit-go-api/client.go:197.64,199.4 1 1
github.com/CodeLieutenant/mailpit-go-api/client.go:201.3,202.17 2 144
github.com/CodeLieutenant/mailpit-go-api/client.go:202.17,209.12 2 0
github.com/CodeLieutenant/mailpit-go-api/client.go:213.3,213.87 1 144
github.com/CodeLieutenant/mailpit-go-api/client.go:213.87,215.4 1 96
github.com/CodeLieutenant/mailpit-go-api/client.go:218.3,229.148 4 48
github.com/CodeLieutenant/mailpit-go-api/client.go:229.148,230.9 1 34
github.com/CodeLieutenant/mailpit-go-api/client.go:234.2,234.21 1 48
github.com/CodeLieutenant/mailpit-go-api/client.go:238.71,241.19 2 77
github.com/CodeLieutenant/mailpit-go-api/client.go:241.19,243.3 1 0
github.com/CodeLieutenant/mailpit-go-api/client.go:245.2,246.16 2 77
github.com/CodeLieutenant/mailpit-go-api/client.go:246.16,252.3 1 0
github.com/CodeLieutenant/mailpit-go-api/client.go:254.2,254.20 1 77
github.com/CodeLieutenant/mailpit-go-api/client.go:254.20,256.3 1 0
github.com/CodeLieutenant/mailpit-go-api/client.go:258.2,258.52 1 77
github.com/CodeLieutenant/mailpit-go-api/client.go:258.52,264.3 1 2
github.com/CodeLieutenant/mailpit-go-api/client.go:266.2,266.12 1 75
github.com/CodeLieutenant/mailpit-go-api/errors.go:38.32,39.22 1 26
github.com/CodeLieutenant/mailpit-go-api/errors.go:39.22,41.3 1 23
github.com/CodeLieutenant/mailpit-go-api/errors.go:43.2,43.63 1 3
github.com/CodeLieutenant/mailpit-go-api/errors.go:47.32,49.2 1 4
github.com/CodeLieutenant/mailpit-go-api/errors.go:52.50,54.2 1 3
github.com/CodeLieutenant/mailpit-go-api/errors.go:57.49,59.2 1 4
github.com/CodeLieutenant/mailpit-go-api/errors.go:62.44,67.2 1 1
github.com/CodeLieutenant/mailpit-go-api/errors.go:70.48,75.2 1 12
github.com/CodeLieutenant/mailpit-go-api/messages.go:15.98,18.17 2 28
github.com/CodeLieutenant/mailpit-go-api/messages.go:18.17,20.22 2 22
github.com/CodeLieutenant/mailpit-go-api/messages.go:20.22,22.4 1 22
github.com/CodeLieutenant/mailpit-go-api/messages.go:25.2,26.16 2 28
github.com/CodeLieutenant/mailpit-go-api/messages.go:26.16,28.3 1 1
github.com/CodeLieutenant/mailpit-go-api/messages.go:30.2,31.54 2 27
github.com/CodeLieutenant/mailpit-go-api/messages.go:31.54,33.3 1 0
github.com/CodeLieutenant/mailpit-go-api/messages.go:35.2,35.21 1 27
github.com/CodeLieutenant/mailpit-go-api/messages.go:39.79,40.14 1 8
github.com/CodeLieutenant/mailpit-go-api/messages.go:40.14,42.3 1 1
github.com/CodeLieutenant/mailpit-go-api/messages.go:44.2,45.16 2 7
github.com/CodeLieutenant/mailpit-go-api/messages.go:45.16,47.3 1 1
github.com/CodeLieutenant/mailpit-go-api/messages.go:49.2,50.55 2 6
github.com/CodeLieutenant/mailpit-go-api/messages.go:50.55,52.3 1 0
github.com/CodeLieutenant/mailpit-go-api/messages.go:54.2,54.22 1 6
github.com/CodeLieutenant/mailpit-go-api/messages.go:58.83,59.14 1 5
github.com/CodeLieutenant/mailpit-go-api/messages.go:59.14,61.3 1 0
github.com/CodeLieutenant/mailpit-go-api/messages.go:63.2,66.16 3 5
github.com/CodeLieutenant/mailpit-go-api/messages.go:66.16,68.3 1 4
github.com/CodeLieutenant/mailpit-go-api/messages.go:69.2,72.16 3 1
github.com/CodeLieutenant/mailpit-go-api/messages.go:72.16,78.3 1 0
github.com/CodeLieutenant/mailpit-go-api/messages.go:80.2,80.26 1 1
github.com/CodeLieutenant/mailpit-go-api/messages.go:84.70,85.14 1 5
github.com/CodeLieutenant/mailpit-go-api/messages.go:85.14,87.3 1 0
github.com/CodeLieutenant/mailpit-go-api/messages.go:89.2,90.16 2 5
github.com/CodeLieutenant/mailpit-go-api/messages.go:90.16,92.3 1 4
github.com/CodeLieutenant/mailpit-go-api/messages.go:93.2,95.12 2 1
github.com/CodeLieutenant/mailpit-go-api/messages.go:99.63,103.16 3 2
github.com/CodeLieutenant/mailpit-go-api/messages.go:103.16,105.3 1 0
github.com/CodeLieutenant/mailpit-go-api/messages.go:106.2,108.12 2 2
github.com/CodeLieutenant/mailpit-go-api/messages.go:112.116,113.17 1 15
github.com/CodeLieutenant/mailpit-go-api/messages.go:113.17,115.3 1 1
github.com/CodeLieutenant/mailpit-go-api/messages.go:117.2,120.17 3 14
github.com/CodeLieutenant/mailpit-go-api/messages.go:120.17,122.38 2 1
github.com/CodeLieutenant/mailpit-go-api/messages.go:122.38,123.33 1 2
github.com/CodeLieutenant/mailpit-go-api/messages.go:123.33,125.5 1 2
github.com/CodeLieutenant/mailpit-go-api/messages.go:129.2,129.21 1 14
github.com/CodeLieutenant/mailpit-go-api/messages.go:129.21,131.3 1 14
github.com/CodeLieutenant/mailpit-go-api/messages.go:133.2,134.16 2 14
github.com/CodeLieutenant/mailpit-go-api/messages.go:134.16,136.3 1 1
github.com/CodeLieutenant/mailpit-go-api/messages.go:138.2,139.54 2 13
github.com/CodeLieutenant/mailpit-go-api/messages.go:139.54,141.3 1 0
github.com/CodeLieutenant/mailpit-go-api/messages.go:143.2,143.21 1 13
github.com/CodeLieutenant/mailpit-go-api/messages.go:147.108,148.21 1 1
github.com/CodeLieutenant/mailpit-go-api/messages.go:148.21,150.3 1 0
github.com/CodeLieutenant/mailpit-go-api/messages.go:151.2,151.24 1 1
github.com/CodeLieutenant/mailpit-go-api/messages.go:151.24,153.3 1 0
github.com/CodeLieutenant/mailpit-go-api/messages.go:155.2,158.16 3 1
github.com/CodeLieutenant/mailpit-go-api/messages.go:158.16,160.3 1 1
github.com/CodeLieutenant/mailpit-go-api/messages.go:161.2,164.16 3 0
github.com/CodeLieutenant/mailpit-go-api/messages.go:164.16,170.3 1 0
github.com/CodeLieutenant/mailpit-go-api/messages.go:172.2,172.18 1 0
github.com/CodeLieutenant/mailpit-go-api/messages.go:176.72,177.14 1 4
github.com/CodeLieutenant/mailpit-go-api/messages.go:177.14,179.3 1 0
github.com/CodeLieutenant/mailpit-go-api/messages.go:181.2,184.16 3 4
github.com/CodeLieutenant/mailpit-go-api/messages.go:184.16,186.3 1 3
github.com/CodeLieutenant/mailpit-go-api/messages.go:187.2,189.12 2 1
github.com/CodeLieutenant/mailpit-go-api/messages.go:193.74,194.14 1 4
github.com/CodeLieutenant/mailpit-go-api/messages.go:194.14,196.3 1 0
github.com/CodeLieutenant/mailpit-go-api/messages.go:198.2,201.16 3 4
github.com/CodeLieutenant/mailpit-go-api/messages.go:201.16,203.3 1 3
github.com/CodeLieutenant/mailpit-go-api/messages.go:204.2,206.12 2 1
github.com/CodeLieutenant/mailpit-go-api/messages.go:210.97,211.14 1 3
github.com/CodeLieutenant/mailpit-go-api/messages.go:211.14,213.3 1 0
github.com/CodeLieutenant/mailpit-go-api/messages.go:215.2,218.16 3 3
github.com/CodeLieutenant/mailpit-go-api/messages.go:218.16,220.3 1 0
github.com/CodeLieutenant/mailpit-go-api/messages.go:222.2,223.55 2 3
github.com/CodeLieutenant/mailpit-go-api/messages.go:223.55,225.3 1 0
github.com/CodeLieutenant/mailpit-go-api/messages.go:227.2,227.21 1 3
github.com/CodeLieutenant/mailpit-go-api/messages.go:231.98,232.14 1 2
github.com/CodeLieutenant/mailpit-go-api/messages.go:232.14,234.3 1 0
github.com/CodeLieutenant/mailpit-go-api/messages.go:236.2,239.16 3 2
github.com/CodeLieutenant/mailpit-go-api/messages.go:239.16,241.3 1 0
github.com/CodeLieutenant/mailpit-go-api/messages.go:243.2,244.54 2 2
github.com/CodeLieutenant/mailpit-go-api/messages.go:244.54,246.3 1 0
github.com/CodeLieutenant/mailpit-go-api/messages.go:248.2,248.21 1 2
github.com/CodeLieutenant/mailpit-go-api/messages.go:252.98,253.14 1 3
github.com/CodeLieutenant/mailpit-go-api/messages.go:253.14,255.3 1 0
github.com/CodeLieutenant/mailpit-go-api/messages.go:257.2,260.16 3 3
github.com/CodeLieutenant/mailpit-go-api/messages.go:260.16,262.3 1 1
github.com/CodeLieutenant/mailpit-go-api/messages.go:264.2,265.54 2 2
github.com/CodeLieutenant/mailpit-go-api/messages.go:265.54,267.3 1 0
github.com/CodeLieutenant/mailpit-go-api/messages.go:269.2,269.21 1 2
github.com/CodeLieutenant/mailpit-go-api/messages.go:273.114,274.14 1 3
github.com/CodeLieutenant/mailpit-go-api/messages.go:274.14,276.3 1 0
github.com/CodeLieutenant/mailpit-go-api/messages.go:278.2,281.16 3 3
github.com/CodeLieutenant/mailpit-go-api/messages.go:281.16,283.3 1 1
github.com/CodeLieutenant/mailpit-go-api/messages.go:285.2,286.54 2 2
github.com/CodeLieutenant/mailpit-go-api/messages.go:286.54,288.3 1 0
github.com/CodeLieutenant/mailpit-go-api/messages.go:290.2,290.21 1 2
github.com/CodeLieutenant/mailpit-go-api/messages.go:294.96,295.21 1 1
github.com/CodeLieutenant/mailpit-go-api/messages.go:295.21,297.3 1 0
github.com/CodeLieutenant/mailpit-go-api/messages.go:298.2,298.18 1 1
github.com/CodeLieutenant/mailpit-go-api/messages.go:298.18,300.3 1 0
github.com/CodeLieutenant/mailpit-go-api/messages.go:302.2,305.16 3 1
github.com/CodeLieutenant/mailpit-go-api/messages.go:305.16,307.3 1 0
github.com/CodeLieutenant/mailpit-go-api/messages.go:308.2,311.16 3 1
github.com/CodeLieutenant/mailpit-go-api/messages.go:311.16,317.3 1 0
github.com/CodeLieutenant/mailpit-go-api/messages.go:319.2,319.18 1 1
github.com/CodeLieutenant/mailpit-go-api/messages.go:323.105,324.21 1 1
github.com/CodeLieutenant/mailpit-go-api/messages.go:324.21,326.3 1 0
github.com/CodeLieutenant/mailpit-go-api/messages.go:327.2,327.18 1 1
github.com/CodeLieutenant/mailpit-go-api/messages.go:327.18,329.3 1 0
github.com/CodeLieutenant/mailpit-go-api/messages.go:331.2,334.16 3 1
github.com/CodeLieutenant/mailpit-go-api/messages.go:334.16,336.3 1 0
github.com/CodeLieutenant/mailpit-go-api/messages.go:337.2,340.16 3 1
github.com/CodeLieutenant/mailpit-go-api/messages.go:340.16,346.3 1 0
github.com/CodeLieutenant/mailpit-go-api/messages.go:348.2,348.18 1 1
github.com/CodeLieutenant/mailpit-go-api/messages.go:352.107,353.14 1 1
github.com/CodeLieutenant/mailpit-go-api/messages.go:353.14,355.3 1 0
github.com/CodeLieutenant/mailpit-go-api/messages.go:356.2,356.24 1 1
github.com/CodeLieutenant/mailpit-go-api/messages.go:356.24,358.3 1 0
github.com/CodeLieutenant/mailpit-go-api/messages.go:360.2,363.67 3 1
github.com/CodeLieutenant/mailpit-go-api/messages.go:363.67,369.3 1 0
github.com/CodeLieutenant/mailpit-go-api/messages.go:371.2,372.16 2 1
github.com/CodeLieutenant/mailpit-go-api/messages.go:372.16,374.3 1 1
github.com/CodeLieutenant/mailpit-go-api/messages.go:375.2,377.12 2 0
github.com/CodeLieutenant/mailpit-go-api/messages.go:381.79,382.17 1 3
github.com/CodeLieutenant/mailpit-go-api/messages.go:382.17,384.3 1 0
github.com/CodeLieutenant/mailpit-go-api/messages.go:386.2,389.16 3 3
github.com/CodeLieutenant/mailpit-go-api/messages.go:389.16,391.3 1 1
github.com/CodeLieutenant/mailpit-go-api/messages.go:392.2,394.12 2 2
github.com/CodeLieutenant/mailpit-go-api/send.go:11.110,12.20 1 3
github.com/CodeLieutenant/mailpit-go-api/send.go:12.20,14.3 1 0
github.com/CodeLieutenant/mailpit-go-api/send.go:16.2,19.63 3 3
github.com/CodeLieutenant/mailpit-go-api/send.go:19.63,25.3 1 0
github.com/CodeLieutenant/mailpit-go-api/send.go:27.2,28.16 2 3
github.com/CodeLieutenant/mailpit-go-api/send.go:28.16,30.3 1 2
github.com/CodeLieutenant/mailpit-go-api/send.go:32.2,33.54 2 1
github.com/CodeLieutenant/mailpit-go-api/send.go:33.54,35.3 1 0
github.com/CodeLieutenant/mailpit-go-api/send.go:37.2,37.21 1 1
github.com/CodeLieutenant/mailpit-go-api/server.go:10.74,14.16 3 8
github.com/CodeLieutenant/mailpit-go-api/server.go:14.16,16.3 1 1
github.com/CodeLieutenant/mailpit-go-api/server.go:18.2,19.52 2 7
github.com/CodeLieutenant/mailpit-go-api/server.go:19.52,21.3 1 1
github.com/CodeLieutenant/mailpit-go-api/server.go:23.2,23.19 1 6
github.com/CodeLieutenant/mailpit-go-api/server.go:28.57,32.16 3 4
github.com/CodeLieutenant/mailpit-go-api/server.go:32.16,34.3 1 1
github.com/CodeLieutenant/mailpit-go-api/server.go:35.2,38.12 2 3
github.com/CodeLieutenant/mailpit-go-api/server.go:42.64,46.16 3 2
github.com/CodeLieutenant/mailpit-go-api/server.go:46.16,48.3 1 1
github.com/CodeLieutenant/mailpit-go-api/server.go:50.2,51.53 2 1
github.com/CodeLieutenant/mailpit-go-api/server.go:51.53,53.3 1 0
github.com/CodeLieutenant/mailpit-go-api/server.go:55.2,55.20 1 1
github.com/CodeLieutenant/mailpit-go-api/server.go:59.65,63.16 3 5
github.com/CodeLieutenant/mailpit-go-api/server.go:63.16,65.3 1 1
github.com/CodeLieutenant/mailpit-go-api/server.go:67.2,68.52 2 4
github.com/CodeLieutenant/mailpit-go-api/server.go:68.52,70.3 1 0
github.com/CodeLieutenant/mailpit-go-api/server.go:72.2,72.18 1 4
github.com/CodeLieutenant/mailpit-go-api/server.go:77.50,81.16 3 3
github.com/CodeLieutenant/mailpit-go-api/server.go:81.16,83.3 1 2
github.com/CodeLieutenant/mailpit-go-api/server.go:84.2,86.12 2 1
github.com/CodeLieutenant/mailpit-go-api/server.go:90.76,94.16 3 5
github.com/CodeLieutenant/mailpit-go-api/server.go:94.16,96.3 1 1
github.com/CodeLieutenant/mailpit-go-api/server.go:98.2,99.54 2 4
github.com/CodeLieutenant/mailpit-go-api/server.go:99.54,101.3 1 1
github.com/CodeLieutenant/mailpit-go-api/server.go:103.2,103.21 1 3
github.com/CodeLieutenant/mailpit-go-api/tags.go:11.80,15.60 3 3
github.com/CodeLieutenant/mailpit-go-api/tags.go:15.60,21.3 1 0
github.com/CodeLieutenant/mailpit-go-api/tags.go:23.2,24.16 2 3
github.com/CodeLieutenant/mailpit-go-api/tags.go:24.16,26.3 1 1
github.com/CodeLieutenant/mailpit-go-api/tags.go:28.2,29.54 2 2
github.com/CodeLieutenant/mailpit-go-api/tags.go:29.54,31.3 1 0
github.com/CodeLieutenant/mailpit-go-api/tags.go:33.2,33.20 1 2
github.com/CodeLieutenant/mailpit-go-api/tags.go:37.93,38.15 1 4
github.com/CodeLieutenant/mailpit-go-api/tags.go:38.15,40.3 1 1
github.com/CodeLieutenant/mailpit-go-api/tags.go:41.2,41.26 1 3
github.com/CodeLieutenant/mailpit-go-api/tags.go:41.26,43.3 1 1
github.com/CodeLieutenant/mailpit-go-api/tags.go:45.2,48.66 3 2
github.com/CodeLieutenant/mailpit-go-api/tags.go:48.66,54.3 1 0
github.com/CodeLieutenant/mailpit-go-api/tags.go:56.2,57.16 2 2
github.com/CodeLieutenant/mailpit-go-api/tags.go:57.16,59.3 1 1
github.com/CodeLieutenant/mailpit-go-api/tags.go:60.2,62.12 2 1
github.com/CodeLieutenant/mailpit-go-api/tags.go:66.67,67.15 1 4
github.com/CodeLieutenant/mailpit-go-api/tags.go:67.15,69.3 1 1
github.com/CodeLieutenant/mailpit-go-api/tags.go:71.2,74.16 3 3
github.com/CodeLieutenant/mailpit-go-api/tags.go:74.16,76.3 1 2
github.com/CodeLieutenant/mailpit-go-api/tags.go:77.2,79.12 2 1
github.com/CodeLieutenant/mailpit-go-api/types.go:14.60,17.59 2 61
github.com/CodeLieutenant/mailpit-go-api/types.go:17.59,21.3 2 15
github.com/CodeLieutenant/mailpit-go-api/types.go:24.2,25.51 2 46
github.com/CodeLieutenant/mailpit-go-api/types.go:25.51,29.3 2 46
github.com/CodeLieutenant/mailpit-go-api/types.go:32.2,34.12 2 0
github.com/CodeLieutenant/mailpit-go-api/types.go:132.51,135.17 2 31
github.com/CodeLieutenant/mailpit-go-api/types.go:135.17,137.3 1 1
github.com/CodeLieutenant/mailpit-go-api/types.go:139.2,139.20 1 30
github.com/CodeLieutenant/mailpit-go-api/types.go:139.20,141.3 1 3
github.com/CodeLieutenant/mailpit-go-api/types.go:143.2,143.20 1 30
github.com/CodeLieutenant/mailpit-go-api/types.go:143.20,145.3 1 26
github.com/CodeLieutenant/mailpit-go-api/types.go:147.2,147.22 1 30
github.com/CodeLieutenant/mailpit-go-api/types.go:147.22,149.3 1 3
github.com/CodeLieutenant/mailpit-go-api/types.go:151.2,151.20 1 30
github.com/CodeLieutenant/mailpit-go-api/types.go:151.20,153.3 1 2
github.com/CodeLieutenant/mailpit-go-api/types.go:155.2,155.21 1 30
github.com/CodeLieutenant/mailpit-go-api/types.go:155.21,157.3 1 2
github.com/CodeLieutenant/mailpit-go-api/types.go:159.2,159.15 1 30
github.com/CodeLieutenant/mailpit-go-api/types.go:163.53,166.17 2 9
github.com/CodeLieutenant/mailpit-go-api/types.go:166.17,168.3 1 1
github.com/CodeLieutenant/mailpit-go-api/types.go:170.2,170.20 1 8
github.com/CodeLieutenant/mailpit-go-api/types.go:170.20,172.3 1 2
github.com/CodeLieutenant/mailpit-go-api/types.go:174.2,174.20 1 8
github.com/CodeLieutenant/mailpit-go-api/types.go:174.20,176.3 1 4
github.com/CodeLieutenant/mailpit-go-api/types.go:178.2,178.20 1 8
github.com/CodeLieutenant/mailpit-go-api/types.go:178.20,180.3 1 3
github.com/CodeLieutenant/mailpit-go-api/types.go:182.2,182.21 1 8
github.com/CodeLieutenant/mailpit-go-api/types.go:182.21,184.3 1 1
github.com/CodeLieutenant/mailpit-go-api/types.go:186.2,186.15 1 8
github.com/CodeLieutenant/mailpit-go-api/views.go:11.81,12.14 1 2
github.com/CodeLieutenant/mailpit-go-api/views.go:12.14,14.3 1 0
github.com/CodeLieutenant/mailpit-go-api/views.go:16.2,19.16 3 2
github.com/CodeLieutenant/mailpit-go-api/views.go:19.16,21.3 1 2
github.com/CodeLieutenant/mailpit-go-api/views.go:22.2,25.16 3 0
github.com/CodeLieutenant/mailpit-go-api/views.go:25.16,31.3 1 0
github.com/CodeLieutenant/mailpit-go-api/views.go:33.2,33.26 1 0
github.com/CodeLieutenant/mailpit-go-api/views.go:37.81,38.14 1 2
github.com/CodeLieutenant/mailpit-go-api/views.go:38.14,40.3 1 0
github.com/CodeLieutenant/mailpit-go-api/views.go:42.2,45.16 3 2
github.com/CodeLieutenant/mailpit-go-api/views.go:45.16,47.3 1 2
github.com/CodeLieutenant/mailpit-go-api/views.go:48.2,51.16 3 0
github.com/CodeLieutenant/mailpit-go-api/views.go:51.16,57.3 1 0
github.com/CodeLieutenant/mailpit-go-api/views.go:59.2,59.26 1 0
github.com/CodeLieutenant/mailpit-go-api/views.go:63.80,64.14 1 4
github.com/CodeLieutenant/mailpit-go-api/views.go:64.14,66.3 1 1
github.com/CodeLieutenant/mailpit-go-api/views.go:68.2,71.16 3 3
github.com/CodeLieutenant/mailpit-go-api/views.go:71.16,73.3 1 2
github.com/CodeLieutenant/mailpit-go-api/views.go:74.2,77.16 3 1
github.com/CodeLieutenant/mailpit-go-api/views.go:77.16,83.3 1 0
github.com/CodeLieutenant/mailpit-go-api/views.go:85.2,85.26 1 1
github.com/CodeLieutenant/mailpit-go-api/views.go:89.100,90.21 1 5
github.com/CodeLieutenant/mailpit-go-api/views.go:90.21,92.3 1 1
github.com/CodeLieutenant/mailpit-go-api/views.go:93.2,93.18 1 4
github.com/CodeLieutenant/mailpit-go-api/views.go:93.18,95.3 1 1
github.com/CodeLieutenant/mailpit-go-api/views.go:97.2,100.16 3 3
github.com/CodeLieutenant/mailpit-go-api/views.go:100.16,102.3 1 2
github.com/CodeLieutenant/mailpit-go-api/views.go:103.2,106.16 3 1
github.com/CodeLieutenant/mailpit-go-api/views.go:106.16,112.3 1 0
github.com/CodeLieutenant/mailpit-go-api/views.go:114.2,114.26 1 1
github.com/CodeLieutenant/mailpit-go-api/views.go:118.100,119.21 1 4
github.com/CodeLieutenant/mailpit-go-api/views.go:119.21,121.3 1 1
github.com/CodeLieutenant/mailpit-go-api/views.go:122.2,122.18 1 3
github.com/CodeLieutenant/mailpit-go-api/views.go:122.18,124.3 1 1
github.com/CodeLieutenant/mailpit-go-api/views.go:126.2,129.16 3 2
github.com/CodeLieutenant/mailpit-go-api/views.go:129.16,131.3 1 1
github.com/CodeLieutenant/mailpit-go-api/views.go:132.2,135.16 3 1
github.com/CodeLieutenant/mailpit-go-api/views.go:135.16,141.3 1 0
github.com/CodeLieutenant/mailpit-go-api/views.go:143.2,143.26 1 1
github.com/CodeLieutenant/mailpit-go-api/views.go:147.92,148.14 1 4
github.com/CodeLieutenant/mailpit-go-api/views.go:148.14,150.3 1 1
github.com/CodeLieutenant/mailpit-go-api/views.go:152.2,155.16 3 3
github.com/CodeLieutenant/mailpit-go-api/views.go:155.16,157.3 1 2
github.com/CodeLieutenant/mailpit-go-api/views.go:159.2,160.54 2 1
github.com/CodeLieutenant/mailpit-go-api/views.go:160.54,162.3 1 0
github.com/CodeLieutenant/mailpit-go-api/views.go:164.2,164.21 1 1
